<?xml version="1.0" encoding="UTF-8"?>
<!-- Generated by org.testng.reporters.JUnitXMLReporter -->
<testsuite ignored="0" hostname="ADMINRG-931HVS9" failures="0" tests="4" name="Test" time="0.07" errors="0" timestamp="2021-09-01T16:21:01 IST">
  <testcase classname="qaclickacademy.mavenjava.SeleniumTest" name="BrowserAutomation" time="0.007"/>
  <testcase classname="qaclickacademy.mavenjava.SeleniumTest" name="elementsUI" time="0.0"/>
  <testcase classname="qaclickacademy.mavenjava.RestAPITest" name="deleteTwitter" time="0.0"/>
  <testcase classname="qaclickacademy.mavenjava.RestAPITest" name="postJira" time="0.0"/>
</testsuite> <!-- Test -->
