<?xml version="1.0" encoding="UTF-8"?>
<testng-results ignored="0" total="4" passed="4" failed="0" skipped="0">
  <reporter-output>
  </reporter-output>
  <suite started-at="2021-09-01T16:21:01 IST" name="Suite" finished-at="2021-09-01T16:21:01 IST" duration-ms="70">
    <groups>
    </groups>
    <test started-at="2021-09-01T16:21:01 IST" name="Test" finished-at="2021-09-01T16:21:01 IST" duration-ms="70">
      <class name="qaclickacademy.mavenjava.RestAPITest">
        <test-method signature="deleteTwitter()[pri:0, instance:qaclickacademy.mavenjava.RestAPITest@2805c96b]" started-at="2021-09-01T16:21:01 IST" name="deleteTwitter" finished-at="2021-09-01T16:21:01 IST" duration-ms="0" status="PASS">
          <reporter-output>
          </reporter-output>
        </test-method> <!-- deleteTwitter -->
        <test-method signature="postJira()[pri:0, instance:qaclickacademy.mavenjava.RestAPITest@2805c96b]" started-at="2021-09-01T16:21:01 IST" name="postJira" finished-at="2021-09-01T16:21:01 IST" duration-ms="0" status="PASS">
          <reporter-output>
          </reporter-output>
        </test-method> <!-- postJira -->
      </class> <!-- qaclickacademy.mavenjava.RestAPITest -->
      <class name="qaclickacademy.mavenjava.SeleniumTest">
        <test-method signature="BrowserAutomation()[pri:0, instance:qaclickacademy.mavenjava.SeleniumTest@6a01e23]" started-at="2021-09-01T16:21:01 IST" name="BrowserAutomation" finished-at="2021-09-01T16:21:01 IST" duration-ms="7" status="PASS">
          <reporter-output>
          </reporter-output>
        </test-method> <!-- BrowserAutomation -->
        <test-method signature="elementsUI()[pri:0, instance:qaclickacademy.mavenjava.SeleniumTest@6a01e23]" started-at="2021-09-01T16:21:01 IST" name="elementsUI" finished-at="2021-09-01T16:21:01 IST" duration-ms="0" status="PASS">
          <reporter-output>
          </reporter-output>
        </test-method> <!-- elementsUI -->
      </class> <!-- qaclickacademy.mavenjava.SeleniumTest -->
    </test> <!-- Test -->
  </suite> <!-- Suite -->
</testng-results>
